<?xml version="1.0" encoding="UTF-8"?>
<!-- Generated by org.testng.reporters.JUnitReportReporter -->
<testsuite skipped="0" hostname="DESKTOP-A522TDA" name="Test.Mercurytsmvproject.MercuryTestTour" tests="2" failures="0" timestamp="20 Feb 2019 16:12:04 GMT" time="67.273" errors="0">
  <testcase name="loginwithValidDetails" time="28.211" classname="Test.Mercurytsmvproject.MercuryTestTour"/>
  <testcase name="loginwithValidDetails2" time="39.062" classname="Test.Mercurytsmvproject.MercuryTestTour"/>
</testsuite> <!-- Test.Mercurytsmvproject.MercuryTestTour -->
